[INFO] 2024-12-17 14:39:06 - 开始预加载数据...
[INFO] 2024-12-17 14:39:08 - 预加载了 581 张图片
[INFO] 2024-12-17 14:39:08 - 预加载了 16 条Excel记录
[INFO] 2024-12-17 14:39:08 - 数据预加载完成
[INFO] 2024-12-17 14:39:54 - 开始预加载数据...
[INFO] 2024-12-17 14:39:56 - 预加载了 581 张图片
[INFO] 2024-12-17 14:39:56 - 预加载了 16 条Excel记录
[INFO] 2024-12-17 14:39:56 - 数据预加载完成
[INFO] 2024-12-17 14:41:00 - 开始记录
[INFO] 2024-12-17 14:47:08 - 开始预加载数据...
[INFO] 2024-12-17 14:47:10 - 预加载了 581 张图片
[INFO] 2024-12-17 14:47:10 - 预加载了 16 条Excel记录
[INFO] 2024-12-17 14:47:10 - 数据预加载完成
[INFO] 2024-12-17 14:47:28 - 开始记录
[INFO] 2024-12-17 14:49:19 - 开始预加载数据...
[INFO] 2024-12-17 14:49:21 - 预加载了 581 张图片
[INFO] 2024-12-17 14:49:22 - 预加载了 16 条Excel记录
[INFO] 2024-12-17 14:49:22 - 数据预加载完成
[INFO] 2024-12-17 14:49:29 - 开始记录
[INFO] 2024-12-17 15:11:29 - 开始预加载数据...
[INFO] 2024-12-17 15:11:31 - 预加载了 581 张图片
[INFO] 2024-12-17 15:11:31 - 预加载了 16 条Excel记录
[INFO] 2024-12-17 15:11:31 - 数据预加载完成
[INFO] 2024-12-17 15:18:09 - 开始预加载数据...
[INFO] 2024-12-17 15:18:11 - 预加载了 581 张图片
[INFO] 2024-12-17 15:18:14 - 开始记录
[INFO] 2024-12-17 15:18:15 - 预加载了 16 条Excel记录
[INFO] 2024-12-17 15:18:15 - 数据预加载完成
[INFO] 2024-12-17 15:19:03 - 开始预加载数据...
[INFO] 2024-12-17 15:19:05 - 开始记录
[INFO] 2024-12-17 15:19:06 - 预加载了 581 张图片
[INFO] 2024-12-17 15:19:06 - 预加载了 16 条Excel记录
[INFO] 2024-12-17 15:19:06 - 数据预加载完成
[INFO] 2024-12-17 15:21:16 - 开始预加载数据...
[INFO] 2024-12-17 15:21:18 - 预加载了 581 张图片
[INFO] 2024-12-17 15:21:18 - 预加载了 16 条Excel记录
[INFO] 2024-12-17 15:21:18 - 数据预加载完成
[INFO] 2024-12-17 15:21:20 - 开始记录
[INFO] 2024-12-17 15:23:17 - 开始预加载数据...
[INFO] 2024-12-17 15:23:20 - 预加载了 581 张图片
[INFO] 2024-12-17 15:23:20 - 预加载了 16 条Excel记录
[INFO] 2024-12-17 15:23:20 - 数据预加载完成
[INFO] 2024-12-17 15:23:20 - 开始记录
[INFO] 2024-12-17 15:23:57 - 开始预加载数据...
[INFO] 2024-12-17 15:23:57 - 预加载了 0 张图片
[INFO] 2024-12-17 15:23:57 - 预加载了 16 条Excel记录
[INFO] 2024-12-17 15:23:57 - 数据预加载完成
[INFO] 2024-12-17 15:23:57 - 开始记录
[INFO] 2024-12-17 15:30:31 - 开始预加载数据...
[INFO] 2024-12-17 15:30:31 - 预加载了 0 张图片
[INFO] 2024-12-17 15:30:31 - 预加载了 16 条Excel记录
[INFO] 2024-12-17 15:30:31 - 数据预加载完成
[INFO] 2024-12-17 15:30:33 - 开始记录
[INFO] 2024-12-17 15:31:17 - 开始预加载数据...
[INFO] 2024-12-17 15:31:17 - 预加载了 0 张图片
[INFO] 2024-12-17 15:31:17 - 预加载了 16 条Excel记录
[INFO] 2024-12-17 15:31:17 - 数据预加载完成
[INFO] 2024-12-17 15:31:46 - 开始记录
[INFO] 2024-12-17 15:37:11 - 开始预加载数据...
[INFO] 2024-12-17 15:37:11 - 预加载了 0 张图片
[INFO] 2024-12-17 15:37:11 - 预加载了 16 条Excel记录
[INFO] 2024-12-17 15:37:11 - 数据预加载完成
[INFO] 2024-12-17 15:37:11 - 开始记录
[INFO] 2024-12-17 15:46:10 - 开始预加载数据...
[INFO] 2024-12-17 15:46:10 - 预加载了 0 张图片
[INFO] 2024-12-17 15:46:10 - 预加载了 16 条Excel记录
[INFO] 2024-12-17 15:46:10 - 数据预加载完成
[INFO] 2024-12-17 15:46:11 - 开始记录
[INFO] 2024-12-17 15:47:21 - 开始预加载数据...
[INFO] 2024-12-17 15:47:21 - 预加载了 0 张图片
[INFO] 2024-12-17 15:47:21 - 预加载了 16 条Excel记录
[INFO] 2024-12-17 15:47:21 - 数据预加载完成
[INFO] 2024-12-17 15:50:57 - 开始预加载数据...
[INFO] 2024-12-17 15:50:57 - 预加载了 0 张图片
[INFO] 2024-12-17 15:50:57 - 预加载了 16 条Excel记录
[INFO] 2024-12-17 15:50:57 - 数据预加载完成
[INFO] 2024-12-17 15:51:29 - 开始记录
[INFO] 2024-12-17 15:54:56 - 开始预加载数据...
[INFO] 2024-12-17 15:54:56 - 预加载了 0 张图片
[INFO] 2024-12-17 15:54:57 - 预加载了 16 条Excel记录
[INFO] 2024-12-17 15:54:57 - 数据预加载完成
[INFO] 2024-12-17 15:56:03 - 开始记录
